[ 2017-03-14T15:57:45+08:00 ] 127.0.0.1 /think/Store/product/getproduct
INFO: [ app_init ] --START--
INFO: Run Behavior\BuildLiteBehavior [ RunTime:0.000000s ]
INFO: [ app_init ] --END-- [ RunTime:0.000000s ]
ERR: 无法加载模块:Store

[ 2017-03-14T15:57:57+08:00 ] 127.0.0.1 /think/Store/product/getproduct
INFO: [ app_init ] --START--
INFO: Run Behavior\BuildLiteBehavior [ RunTime:0.000000s ]
INFO: [ app_init ] --END-- [ RunTime:0.000000s ]
ERR: 无法加载模块:Store

[ 2017-03-14T15:57:57+08:00 ] 127.0.0.1 /think/Store/product/getproduct
INFO: [ app_init ] --START--
INFO: Run Behavior\BuildLiteBehavior [ RunTime:0.000000s ]
INFO: [ app_init ] --END-- [ RunTime:0.000501s ]
ERR: 无法加载模块:Store

[ 2017-03-14T15:57:58+08:00 ] 127.0.0.1 /think/Store/product/getproduct
INFO: [ app_init ] --START--
INFO: Run Behavior\BuildLiteBehavior [ RunTime:0.000000s ]
INFO: [ app_init ] --END-- [ RunTime:0.000500s ]
ERR: 无法加载模块:Store

